2018-03-13 15:37:49,612 [Worker-2] INFO  c.g.t.t.d.PublishedGradleVersions - Gradle version information cache is not available. Remote download required.
2018-03-20 15:37:45,925 [Worker-4] INFO  c.g.t.t.d.PublishedGradleVersions - Gradle version information cache is up-to-date. Trying to read.
2018-03-26 16:05:16,770 [Worker-6] INFO  c.g.t.t.d.PublishedGradleVersions - Gradle version information cache is out-of-date. Trying to update.
2018-03-26 17:37:57,586 [Worker-1] INFO  c.g.t.t.d.PublishedGradleVersions - Gradle version information cache is up-to-date. Trying to read.
2018-03-26 23:45:52,322 [Worker-10] INFO  c.g.t.t.d.PublishedGradleVersions - Gradle version information cache is up-to-date. Trying to read.
2018-03-27 02:49:41,291 [Worker-1] INFO  c.g.t.t.d.PublishedGradleVersions - Gradle version information cache is up-to-date. Trying to read.
2018-03-27 11:33:49,323 [Worker-4] INFO  c.g.t.t.d.PublishedGradleVersions - Gradle version information cache is up-to-date. Trying to read.
2018-03-27 12:54:11,242 [Worker-0] INFO  c.g.t.t.d.PublishedGradleVersions - Gradle version information cache is up-to-date. Trying to read.
2018-03-27 13:08:24,369 [Worker-5] INFO  c.g.t.t.d.PublishedGradleVersions - Gradle version information cache is up-to-date. Trying to read.
2018-03-27 14:57:18,528 [Worker-4] INFO  c.g.t.t.d.PublishedGradleVersions - Gradle version information cache is up-to-date. Trying to read.
2018-03-28 15:07:56,181 [Worker-5] INFO  c.g.t.t.d.PublishedGradleVersions - Gradle version information cache is out-of-date. Trying to update.
2018-03-28 15:20:05,892 [Worker-4] INFO  c.g.t.t.d.PublishedGradleVersions - Gradle version information cache is up-to-date. Trying to read.
2018-03-28 16:10:38,503 [Worker-3] INFO  c.g.t.t.d.PublishedGradleVersions - Gradle version information cache is up-to-date. Trying to read.
2018-03-28 16:22:18,280 [Worker-0] INFO  c.g.t.t.d.PublishedGradleVersions - Gradle version information cache is up-to-date. Trying to read.
2018-04-03 15:17:36,123 [Worker-7] INFO  c.g.t.t.d.PublishedGradleVersions - Gradle version information cache is out-of-date. Trying to update.
2018-04-10 15:07:16,771 [Worker-5] INFO  c.g.t.t.d.PublishedGradleVersions - Gradle version information cache is out-of-date. Trying to update.
2018-04-10 15:52:03,560 [Worker-3] INFO  c.g.t.t.d.PublishedGradleVersions - Gradle version information cache is up-to-date. Trying to read.
2018-04-10 17:26:23,672 [Worker-4] INFO  c.g.t.t.d.PublishedGradleVersions - Gradle version information cache is up-to-date. Trying to read.
2018-04-17 15:00:44,900 [Worker-2] INFO  c.g.t.t.d.PublishedGradleVersions - Gradle version information cache is out-of-date. Trying to update.
2018-04-17 15:00:45,385 [Worker-2] INFO  c.g.t.t.d.PublishedGradleVersions - Updating Gradle version information cache failed. Using outdated cache.
2018-04-24 15:02:25,137 [Worker-4] INFO  c.g.t.t.d.PublishedGradleVersions - Gradle version information cache is out-of-date. Trying to update.
2018-05-08 14:33:28,485 [Worker-2] INFO  c.g.t.t.d.PublishedGradleVersions - Gradle version information cache is out-of-date. Trying to update.
2018-05-08 14:33:28,767 [Worker-2] INFO  c.g.t.t.d.PublishedGradleVersions - Updating Gradle version information cache failed. Using outdated cache.
2018-05-15 15:02:34,370 [Worker-1] INFO  c.g.t.t.d.PublishedGradleVersions - Gradle version information cache is out-of-date. Trying to update.
2018-05-16 16:18:03,802 [Worker-1] INFO  c.g.t.t.d.PublishedGradleVersions - Gradle version information cache is up-to-date. Trying to read.
2018-05-16 16:19:07,709 [Worker-11] INFO  o.e.m.c.i.l.LifecycleMappingFactory - Using NULL lifecycle mapping for MavenProject: IEAS_K:IEAS_K:0.0.1-SNAPSHOT @ C:\Users\DAKYO\Desktop\KIEAS-master\IEAS_K\pom.xml.
2018-05-16 16:19:07,830 [Worker-11] WARN  o.e.m.c.i.embedder.EclipseLogger - The POM for org.apache.activemq:activemq-all:jar:5.15.0 is invalid, transitive dependencies (if any) will not be available, enable debug logging for more details
2018-05-16 16:19:11,125 [Worker-2] WARN  o.e.m.c.i.embedder.EclipseLogger - The POM for org.apache.activemq:activemq-all:jar:5.15.0 is invalid, transitive dependencies (if any) will not be available, enable debug logging for more details
2018-05-23 15:17:18,232 [Worker-4] INFO  c.g.t.t.d.PublishedGradleVersions - Gradle version information cache is out-of-date. Trying to update.
2018-05-23 15:18:04,479 [Worker-9] WARN  o.e.m.c.i.embedder.EclipseLogger - The POM for org.apache.activemq:activemq-all:jar:5.15.0 is invalid, transitive dependencies (if any) will not be available, enable debug logging for more details
2018-05-23 17:10:04,449 [Worker-2] INFO  c.g.t.t.d.PublishedGradleVersions - Gradle version information cache is up-to-date. Trying to read.
2018-05-23 17:10:09,312 [Worker-3] WARN  o.e.m.c.i.embedder.EclipseLogger - The POM for org.apache.activemq:activemq-all:jar:5.15.0 is invalid, transitive dependencies (if any) will not be available, enable debug logging for more details
2018-05-23 21:49:45,611 [Worker-1] INFO  c.g.t.t.d.PublishedGradleVersions - Gradle version information cache is up-to-date. Trying to read.
2018-05-23 21:50:29,517 [Worker-2] WARN  o.e.m.c.i.embedder.EclipseLogger - The POM for org.apache.activemq:activemq-all:jar:5.15.0 is invalid, transitive dependencies (if any) will not be available, enable debug logging for more details
2018-05-25 00:18:47,147 [Worker-0] INFO  c.g.t.t.d.PublishedGradleVersions - Gradle version information cache is out-of-date. Trying to update.
2018-05-25 00:18:59,746 [Worker-18] WARN  o.e.m.c.i.embedder.EclipseLogger - The POM for org.apache.activemq:activemq-all:jar:5.15.0 is invalid, transitive dependencies (if any) will not be available, enable debug logging for more details
2018-05-29 15:02:53,295 [Worker-2] INFO  c.g.t.t.d.PublishedGradleVersions - Gradle version information cache is out-of-date. Trying to update.
2018-05-29 15:03:57,947 [Worker-5] WARN  o.e.m.c.i.embedder.EclipseLogger - The POM for org.apache.activemq:activemq-all:jar:5.15.0 is invalid, transitive dependencies (if any) will not be available, enable debug logging for more details
2018-06-05 14:24:46,658 [Worker-2] INFO  c.g.t.t.d.PublishedGradleVersions - Gradle version information cache is out-of-date. Trying to update.
2018-06-05 14:24:47,220 [Worker-2] INFO  c.g.t.t.d.PublishedGradleVersions - Updating Gradle version information cache failed. Using outdated cache.
2018-06-05 14:56:29,441 [Worker-1] INFO  c.g.t.t.d.PublishedGradleVersions - Gradle version information cache is out-of-date. Trying to update.
2018-06-05 14:56:29,754 [Worker-1] INFO  c.g.t.t.d.PublishedGradleVersions - Updating Gradle version information cache failed. Using outdated cache.
2018-06-05 16:13:04,392 [Worker-20] WARN  o.e.m.c.i.embedder.EclipseLogger - The POM for org.apache.activemq:activemq-all:jar:5.15.0 is invalid, transitive dependencies (if any) will not be available, enable debug logging for more details
